
Log started (V12.8.0.0) Tue Aug 23 01:36:38 2022

Warning, line 4: Characters after RHS value are ignored.
Warning, line 1348: '+' not valid identifier.
Warning, line 1348: '+' not valid identifier.
Warning, line 1348: '+' not valid identifier.
Warning, line 1348: '+' not valid identifier.
Warning, line 1348: '+' not valid identifier.
Warning, line 1348: '+' not valid identifier.
Warning, line 1348: '+' not valid identifier.
Warning, line 1348: '+' not valid identifier.
Warning, line 1348: '+' not valid identifier.
Warning, line 1348: '+' not valid identifier.
Warning, line 1348: '+' not valid identifier.
Warning, line 1348: '+' not valid identifier.
Warning, line 1348: '+' not valid identifier.
Warning, line 1348: '+' not valid identifier.
Warning, line 1348: '+' not valid identifier.
Warning, line 1348: '+' not valid identifier.
Warning, line 1348: '+' not valid identifier.
Warning, line 1348: '+' not valid identifier.
Warning, line 1348: '+' not valid identifier.
Warning, line 1348: '+' not valid identifier.
Warning: 'End' missing.
531 name warnings not printed.

Problem '/home/csrmab/astran/Astran/ILPmodel.lp' read.
Read time = 0.01 sec. (0.12 ticks)
Tried aggregator 4 times.
MIP Presolve eliminated 396 rows and 114 columns.
MIP Presolve modified 185 coefficients.
Aggregator did 128 substitutions.
Reduced MIP has 819 rows, 489 columns, and 2319 nonzeros.
Reduced MIP has 223 binaries, 266 generals, 0 SOSs, and 0 indicators.
Presolve time = 0.02 sec. (4.01 ticks)
Probing fixed 4 vars, tightened 0 bounds.
Probing time = 0.00 sec. (0.33 ticks)
Cover probing fixed 0 vars, tightened 3 bounds.
Tried aggregator 2 times.
MIP Presolve eliminated 9 rows and 7 columns.
MIP Presolve modified 86 coefficients.
Aggregator did 1 substitutions.
Reduced MIP has 809 rows, 481 columns, and 2291 nonzeros.
Reduced MIP has 215 binaries, 266 generals, 0 SOSs, and 0 indicators.
Presolve time = 0.01 sec. (2.08 ticks)
Probing time = 0.00 sec. (0.30 ticks)
Clique table members: 55.
MIP emphasis: balance optimality and feasibility.
MIP search method: dynamic search.
Parallel mode: deterministic, using up to 2 threads.
Root relaxation solution time = 0.01 sec. (4.01 ticks)

        Nodes                                         Cuts/
   Node  Left     Objective  IInf  Best Integer    Best Bound    ItCnt     Gap

      0     0   607123.1630   239                 607123.1630      256         
      0     0   607344.0560   149                    Cuts: 76      313         
      0     0   607383.1355   183                    Cuts: 35      363         
      0     0   607383.6184   175                    Cuts: 10      376         
      0     0   607383.6194   174                 ZeroHalf: 4      382         
      0     0   607387.5752   176                     Cuts: 5      388         
*     0+    0                       608215.0000   607387.5752             0.14%
      0     2   607390.6086   171   608215.0000   607387.5752      394    0.14%
Elapsed time = 0.41 sec. (99.48 ticks, tree = 0.01 MB, solutions = 1)
*    10+    1                       608210.0000   607390.6086             0.13%
*    83    76      integral     0   608038.0000   607581.1361      751    0.08%
*   279+  170                       607881.0000   607587.4074             0.05%
*   921+  432                       607763.0000   607692.9271             0.01%
*   921+  288                       607753.0000   607700.4751             0.01%

Implied bound cuts applied:  11
Flow cuts applied:  18
Mixed integer rounding cuts applied:  62
Zero-half cuts applied:  3
Lift and project cuts applied:  5
Gomory fractional cuts applied:  23

Root node processing (before b&c):
  Real time             =    0.41 sec. (99.13 ticks)
Parallel b&c, 2 threads:
  Real time             =    1.97 sec. (618.50 ticks)
  Sync time (average)   =    0.06 sec.
  Wait time (average)   =    0.00 sec.
                          ------------
Total (root+branch&cut) =    2.38 sec. (717.63 ticks)

Solution pool: 7 solutions saved.

MIP - Integer optimal, tolerance (0.0001/1e-06):  Objective =  6.0775300000e+05
Current MIP best bound =  6.0770047506e+05 (gap = 52.5249, 0.01%)
Solution time =    2.38 sec.  Iterations = 4650  Nodes = 921 (289)
Deterministic time = 717.63 ticks  (301.59 ticks/sec)


Incumbent solution written to file '/home/csrmab/astran/Astran/ILPmodel.sol'.

Log started (V12.8.0.0) Tue Aug 23 09:10:42 2022

Warning, line 4: Characters after RHS value are ignored.
Warning, line 1348: '+' not valid identifier.
Warning, line 1348: '+' not valid identifier.
Warning, line 1348: '+' not valid identifier.
Warning, line 1348: '+' not valid identifier.
Warning, line 1348: '+' not valid identifier.
Warning, line 1348: '+' not valid identifier.
Warning, line 1348: '+' not valid identifier.
Warning, line 1348: '+' not valid identifier.
Warning, line 1348: '+' not valid identifier.
Warning, line 1348: '+' not valid identifier.
Warning, line 1348: '+' not valid identifier.
Warning, line 1348: '+' not valid identifier.
Warning, line 1348: '+' not valid identifier.
Warning, line 1348: '+' not valid identifier.
Warning, line 1348: '+' not valid identifier.
Warning, line 1348: '+' not valid identifier.
Warning, line 1348: '+' not valid identifier.
Warning, line 1348: '+' not valid identifier.
Warning, line 1348: '+' not valid identifier.
Warning, line 1348: '+' not valid identifier.
Warning: 'End' missing.
531 name warnings not printed.

Problem '/home/csrmab/astran/Astran/ILPmodel.lp' read.
Read time = 0.01 sec. (0.12 ticks)
Tried aggregator 4 times.
MIP Presolve eliminated 396 rows and 114 columns.
MIP Presolve modified 185 coefficients.
Aggregator did 128 substitutions.
Reduced MIP has 819 rows, 489 columns, and 2319 nonzeros.
Reduced MIP has 223 binaries, 266 generals, 0 SOSs, and 0 indicators.
Presolve time = 0.04 sec. (4.01 ticks)
Probing fixed 4 vars, tightened 0 bounds.
Probing time = 0.01 sec. (0.33 ticks)
Cover probing fixed 0 vars, tightened 3 bounds.
Tried aggregator 2 times.
MIP Presolve eliminated 9 rows and 7 columns.
MIP Presolve modified 86 coefficients.
Aggregator did 1 substitutions.
Reduced MIP has 809 rows, 481 columns, and 2291 nonzeros.
Reduced MIP has 215 binaries, 266 generals, 0 SOSs, and 0 indicators.
Presolve time = 0.01 sec. (2.08 ticks)
Probing time = 0.00 sec. (0.30 ticks)
Clique table members: 55.
MIP emphasis: balance optimality and feasibility.
MIP search method: dynamic search.
Parallel mode: deterministic, using up to 2 threads.
Root relaxation solution time = 0.02 sec. (4.01 ticks)

        Nodes                                         Cuts/
   Node  Left     Objective  IInf  Best Integer    Best Bound    ItCnt     Gap

      0     0   607123.1630   239                 607123.1630      256         
      0     0   607344.0560   149                    Cuts: 76      313         
      0     0   607383.1355   183                    Cuts: 35      363         
      0     0   607383.6184   175                    Cuts: 10      376         
      0     0   607383.6194   174                 ZeroHalf: 4      382         
      0     0   607387.5752   176                     Cuts: 5      388         
*     0+    0                       608215.0000   607387.5752             0.14%
      0     2   607390.6086   171   608215.0000   607387.5752      394    0.14%
Elapsed time = 0.46 sec. (99.48 ticks, tree = 0.01 MB, solutions = 1)
*    10+    1                       608210.0000   607390.6086             0.13%
*    83    76      integral     0   608038.0000   607581.1361      751    0.08%
*   279+  170                       607881.0000   607587.4074             0.05%
*   921+  432                       607763.0000   607692.9271             0.01%
*   921+  288                       607753.0000   607700.4751             0.01%

Implied bound cuts applied:  11
Flow cuts applied:  18
Mixed integer rounding cuts applied:  62
Zero-half cuts applied:  3
Lift and project cuts applied:  5
Gomory fractional cuts applied:  23

Root node processing (before b&c):
  Real time             =    0.46 sec. (99.13 ticks)
Parallel b&c, 2 threads:
  Real time             =    2.67 sec. (618.50 ticks)
  Sync time (average)   =    0.02 sec.
  Wait time (average)   =    0.00 sec.
                          ------------
Total (root+branch&cut) =    3.13 sec. (717.63 ticks)

Solution pool: 7 solutions saved.

MIP - Integer optimal, tolerance (0.0001/1e-06):  Objective =  6.0775300000e+05
Current MIP best bound =  6.0770047506e+05 (gap = 52.5249, 0.01%)
Solution time =    3.13 sec.  Iterations = 4650  Nodes = 921 (289)
Deterministic time = 717.63 ticks  (229.42 ticks/sec)


Incumbent solution written to file '/home/csrmab/astran/Astran/xmllp.sol'.

Log started (V12.8.0.0) Tue Aug 23 09:12:38 2022

Warning, line 4: Characters after RHS value are ignored.
Warning, line 1348: '+' not valid identifier.
Warning, line 1348: '+' not valid identifier.
Warning, line 1348: '+' not valid identifier.
Warning, line 1348: '+' not valid identifier.
Warning, line 1348: '+' not valid identifier.
Warning, line 1348: '+' not valid identifier.
Warning, line 1348: '+' not valid identifier.
Warning, line 1348: '+' not valid identifier.
Warning, line 1348: '+' not valid identifier.
Warning, line 1348: '+' not valid identifier.
Warning, line 1348: '+' not valid identifier.
Warning, line 1348: '+' not valid identifier.
Warning, line 1348: '+' not valid identifier.
Warning, line 1348: '+' not valid identifier.
Warning, line 1348: '+' not valid identifier.
Warning, line 1348: '+' not valid identifier.
Warning, line 1348: '+' not valid identifier.
Warning, line 1348: '+' not valid identifier.
Warning, line 1348: '+' not valid identifier.
Warning, line 1348: '+' not valid identifier.
Warning: 'End' missing.
531 name warnings not printed.

Problem '/home/csrmab/astran/Astran/ILPmodel.lp' read.
Read time = 0.01 sec. (0.12 ticks)
Tried aggregator 4 times.
MIP Presolve eliminated 396 rows and 114 columns.
MIP Presolve modified 185 coefficients.
Aggregator did 128 substitutions.
Reduced MIP has 819 rows, 489 columns, and 2319 nonzeros.
Reduced MIP has 223 binaries, 266 generals, 0 SOSs, and 0 indicators.
Presolve time = 0.02 sec. (4.01 ticks)
Probing fixed 4 vars, tightened 0 bounds.
Probing time = 0.00 sec. (0.33 ticks)
Cover probing fixed 0 vars, tightened 3 bounds.
Tried aggregator 2 times.
MIP Presolve eliminated 9 rows and 7 columns.
MIP Presolve modified 86 coefficients.
Aggregator did 1 substitutions.
Reduced MIP has 809 rows, 481 columns, and 2291 nonzeros.
Reduced MIP has 215 binaries, 266 generals, 0 SOSs, and 0 indicators.
Presolve time = 0.01 sec. (2.08 ticks)
Probing time = 0.00 sec. (0.30 ticks)
Clique table members: 55.
MIP emphasis: balance optimality and feasibility.
MIP search method: dynamic search.
Parallel mode: deterministic, using up to 2 threads.
Root relaxation solution time = 0.01 sec. (4.01 ticks)

        Nodes                                         Cuts/
   Node  Left     Objective  IInf  Best Integer    Best Bound    ItCnt     Gap

      0     0   607123.1630   239                 607123.1630      256         
      0     0   607344.0560   149                    Cuts: 76      313         
      0     0   607383.1355   183                    Cuts: 35      363         
      0     0   607383.6184   175                    Cuts: 10      376         
      0     0   607383.6194   174                 ZeroHalf: 4      382         
      0     0   607387.5752   176                     Cuts: 5      388         
*     0+    0                       608215.0000   607387.5752             0.14%
      0     2   607390.6086   171   608215.0000   607387.5752      394    0.14%
Elapsed time = 0.49 sec. (99.48 ticks, tree = 0.01 MB, solutions = 1)
*    10+    1                       608210.0000   607390.6086             0.13%
*    83    76      integral     0   608038.0000   607581.1361      751    0.08%
*   279+  170                       607881.0000   607587.4074             0.05%
*   921+  432                       607763.0000   607692.9271             0.01%
*   921+  288                       607753.0000   607700.4751             0.01%

Implied bound cuts applied:  11
Flow cuts applied:  18
Mixed integer rounding cuts applied:  62
Zero-half cuts applied:  3
Lift and project cuts applied:  5
Gomory fractional cuts applied:  23

Root node processing (before b&c):
  Real time             =    0.49 sec. (99.13 ticks)
Parallel b&c, 2 threads:
  Real time             =    2.10 sec. (618.50 ticks)
  Sync time (average)   =    0.04 sec.
  Wait time (average)   =    0.00 sec.
                          ------------
Total (root+branch&cut) =    2.58 sec. (717.63 ticks)

Solution pool: 7 solutions saved.

MIP - Integer optimal, tolerance (0.0001/1e-06):  Objective =  6.0775300000e+05
Current MIP best bound =  6.0770047506e+05 (gap = 52.5249, 0.01%)
Solution time =    2.59 sec.  Iterations = 4650  Nodes = 921 (289)
Deterministic time = 717.63 ticks  (277.53 ticks/sec)


Incumbent solution written to file '/home/csrmab/astran/Astran/xmlsol.sol'.

Log started (V12.8.0.0) Tue Aug 23 12:37:44 2022

Warning, line 4: Characters after RHS value are ignored.
Warning, line 1348: '+' not valid identifier.
Warning, line 1348: '+' not valid identifier.
Warning, line 1348: '+' not valid identifier.
Warning, line 1348: '+' not valid identifier.
Warning, line 1348: '+' not valid identifier.
Warning, line 1348: '+' not valid identifier.
Warning, line 1348: '+' not valid identifier.
Warning, line 1348: '+' not valid identifier.
Warning, line 1348: '+' not valid identifier.
Warning, line 1348: '+' not valid identifier.
Warning, line 1348: '+' not valid identifier.
Warning, line 1348: '+' not valid identifier.
Warning, line 1348: '+' not valid identifier.
Warning, line 1348: '+' not valid identifier.
Warning, line 1348: '+' not valid identifier.
Warning, line 1348: '+' not valid identifier.
Warning, line 1348: '+' not valid identifier.
Warning, line 1348: '+' not valid identifier.
Warning, line 1348: '+' not valid identifier.
Warning, line 1348: '+' not valid identifier.
Warning: 'End' missing.
531 name warnings not printed.

Problem '/home/csrmab/astran/Astran/ILPmodel.lp' read.
Read time = 0.01 sec. (0.12 ticks)
Tried aggregator 4 times.
MIP Presolve eliminated 396 rows and 114 columns.
MIP Presolve modified 185 coefficients.
Aggregator did 128 substitutions.
Reduced MIP has 819 rows, 489 columns, and 2319 nonzeros.
Reduced MIP has 223 binaries, 266 generals, 0 SOSs, and 0 indicators.
Presolve time = 0.01 sec. (4.01 ticks)
Probing fixed 4 vars, tightened 0 bounds.
Probing time = 0.00 sec. (0.33 ticks)
Cover probing fixed 0 vars, tightened 3 bounds.
Tried aggregator 2 times.
MIP Presolve eliminated 9 rows and 7 columns.
MIP Presolve modified 86 coefficients.
Aggregator did 1 substitutions.
Reduced MIP has 809 rows, 481 columns, and 2291 nonzeros.
Reduced MIP has 215 binaries, 266 generals, 0 SOSs, and 0 indicators.
Presolve time = 0.01 sec. (2.08 ticks)
Probing time = 0.00 sec. (0.30 ticks)
Clique table members: 55.
MIP emphasis: balance optimality and feasibility.
MIP search method: dynamic search.
Parallel mode: deterministic, using up to 2 threads.
Root relaxation solution time = 0.01 sec. (4.01 ticks)

        Nodes                                         Cuts/
   Node  Left     Objective  IInf  Best Integer    Best Bound    ItCnt     Gap

      0     0   607123.1630   239                 607123.1630      256         
      0     0   607344.0560   149                    Cuts: 76      313         
      0     0   607383.1355   183                    Cuts: 35      363         
      0     0   607383.6184   175                    Cuts: 10      376         
      0     0   607383.6194   174                 ZeroHalf: 4      382         
      0     0   607387.5752   176                     Cuts: 5      388         
*     0+    0                       608215.0000   607387.5752             0.14%
      0     2   607390.6086   171   608215.0000   607387.5752      394    0.14%
Elapsed time = 0.37 sec. (99.48 ticks, tree = 0.01 MB, solutions = 1)
*    10+    1                       608210.0000   607390.6086             0.13%
*    83    76      integral     0   608038.0000   607581.1361      751    0.08%
*   279+  170                       607881.0000   607587.4074             0.05%
*   921+  432                       607763.0000   607692.9271             0.01%
*   921+  288                       607753.0000   607700.4751             0.01%

Implied bound cuts applied:  11
Flow cuts applied:  18
Mixed integer rounding cuts applied:  62
Zero-half cuts applied:  3
Lift and project cuts applied:  5
Gomory fractional cuts applied:  23

Root node processing (before b&c):
  Real time             =    0.37 sec. (99.13 ticks)
Parallel b&c, 2 threads:
  Real time             =    2.27 sec. (618.50 ticks)
  Sync time (average)   =    0.06 sec.
  Wait time (average)   =    0.00 sec.
                          ------------
Total (root+branch&cut) =    2.64 sec. (717.63 ticks)

Solution pool: 7 solutions saved.

MIP - Integer optimal, tolerance (0.0001/1e-06):  Objective =  6.0775300000e+05
Current MIP best bound =  6.0770047506e+05 (gap = 52.5249, 0.01%)
Solution time =    2.64 sec.  Iterations = 4650  Nodes = 921 (289)
Deterministic time = 717.63 ticks  (272.05 ticks/sec)


Incumbent solution written to file '/home/csrmab/astran/Astran/xmlsol.sol'.

Log started (V12.8.0.0) Tue Aug 23 12:52:10 2022

Warning, line 4: Characters after RHS value are ignored.
Warning, line 1348: '+' not valid identifier.
Warning, line 1348: '+' not valid identifier.
Warning, line 1348: '+' not valid identifier.
Warning, line 1348: '+' not valid identifier.
Warning, line 1348: '+' not valid identifier.
Warning, line 1348: '+' not valid identifier.
Warning, line 1348: '+' not valid identifier.
Warning, line 1348: '+' not valid identifier.
Warning, line 1348: '+' not valid identifier.
Warning, line 1348: '+' not valid identifier.
Warning, line 1348: '+' not valid identifier.
Warning, line 1348: '+' not valid identifier.
Warning, line 1348: '+' not valid identifier.
Warning, line 1348: '+' not valid identifier.
Warning, line 1348: '+' not valid identifier.
Warning, line 1348: '+' not valid identifier.
Warning, line 1348: '+' not valid identifier.
Warning, line 1348: '+' not valid identifier.
Warning, line 1348: '+' not valid identifier.
Warning, line 1348: '+' not valid identifier.
Warning: 'End' missing.
531 name warnings not printed.

Problem '/home/csrmab/astran/Astran/ILPmodel.lp' read.
Read time = 0.01 sec. (0.12 ticks)
Tried aggregator 4 times.
MIP Presolve eliminated 396 rows and 114 columns.
MIP Presolve modified 185 coefficients.
Aggregator did 128 substitutions.
Reduced MIP has 819 rows, 489 columns, and 2319 nonzeros.
Reduced MIP has 223 binaries, 266 generals, 0 SOSs, and 0 indicators.
Presolve time = 0.02 sec. (4.01 ticks)
Probing fixed 4 vars, tightened 0 bounds.
Probing time = 0.00 sec. (0.33 ticks)
Cover probing fixed 0 vars, tightened 3 bounds.
Tried aggregator 2 times.
MIP Presolve eliminated 9 rows and 7 columns.
MIP Presolve modified 86 coefficients.
Aggregator did 1 substitutions.
Reduced MIP has 809 rows, 481 columns, and 2291 nonzeros.
Reduced MIP has 215 binaries, 266 generals, 0 SOSs, and 0 indicators.
Presolve time = 0.01 sec. (2.08 ticks)
Probing time = 0.00 sec. (0.30 ticks)
Clique table members: 55.
MIP emphasis: balance optimality and feasibility.
MIP search method: dynamic search.
Parallel mode: deterministic, using up to 2 threads.
Root relaxation solution time = 0.01 sec. (4.01 ticks)

        Nodes                                         Cuts/
   Node  Left     Objective  IInf  Best Integer    Best Bound    ItCnt     Gap

      0     0   607123.1630   239                 607123.1630      256         
      0     0   607344.0560   149                    Cuts: 76      313         
      0     0   607383.1355   183                    Cuts: 35      363         
      0     0   607383.6184   175                    Cuts: 10      376         
      0     0   607383.6194   174                 ZeroHalf: 4      382         
      0     0   607387.5752   176                     Cuts: 5      388         
*     0+    0                       608215.0000   607387.5752             0.14%
      0     2   607390.6086   171   608215.0000   607387.5752      394    0.14%
Elapsed time = 0.41 sec. (99.48 ticks, tree = 0.01 MB, solutions = 1)
*    10+    1                       608210.0000   607390.6086             0.13%
*    83    76      integral     0   608038.0000   607581.1361      751    0.08%
*   279+  170                       607881.0000   607587.4074             0.05%
*   921+  432                       607763.0000   607692.9271             0.01%
*   921+  288                       607753.0000   607700.4751             0.01%

Implied bound cuts applied:  11
Flow cuts applied:  18
Mixed integer rounding cuts applied:  62
Zero-half cuts applied:  3
Lift and project cuts applied:  5
Gomory fractional cuts applied:  23

Root node processing (before b&c):
  Real time             =    0.39 sec. (99.13 ticks)
Parallel b&c, 2 threads:
  Real time             =    2.04 sec. (618.50 ticks)
  Sync time (average)   =    0.07 sec.
  Wait time (average)   =    0.00 sec.
                          ------------
Total (root+branch&cut) =    2.42 sec. (717.63 ticks)

Solution pool: 7 solutions saved.

MIP - Integer optimal, tolerance (0.0001/1e-06):  Objective =  6.0775300000e+05
Current MIP best bound =  6.0770047506e+05 (gap = 52.5249, 0.01%)
Solution time =    2.42 sec.  Iterations = 4650  Nodes = 921 (289)
Deterministic time = 717.63 ticks  (296.08 ticks/sec)


Log started (V12.8.0.0) Tue Aug 23 13:01:01 2022

Warning, line 4: Characters after RHS value are ignored.
Warning, line 1348: '+' not valid identifier.
Warning, line 1348: '+' not valid identifier.
Warning, line 1348: '+' not valid identifier.
Warning, line 1348: '+' not valid identifier.
Warning, line 1348: '+' not valid identifier.
Warning, line 1348: '+' not valid identifier.
Warning, line 1348: '+' not valid identifier.
Warning, line 1348: '+' not valid identifier.
Warning, line 1348: '+' not valid identifier.
Warning, line 1348: '+' not valid identifier.
Warning, line 1348: '+' not valid identifier.
Warning, line 1348: '+' not valid identifier.
Warning, line 1348: '+' not valid identifier.
Warning, line 1348: '+' not valid identifier.
Warning, line 1348: '+' not valid identifier.
Warning, line 1348: '+' not valid identifier.
Warning, line 1348: '+' not valid identifier.
Warning, line 1348: '+' not valid identifier.
Warning, line 1348: '+' not valid identifier.
Warning, line 1348: '+' not valid identifier.
Warning: 'End' missing.
531 name warnings not printed.

Problem '/home/csrmab/astran/Astran/ILPmodel.lp' read.
Read time = 0.01 sec. (0.12 ticks)
Tried aggregator 4 times.
MIP Presolve eliminated 396 rows and 114 columns.
MIP Presolve modified 185 coefficients.
Aggregator did 128 substitutions.
Reduced MIP has 819 rows, 489 columns, and 2319 nonzeros.
Reduced MIP has 223 binaries, 266 generals, 0 SOSs, and 0 indicators.
Presolve time = 0.02 sec. (4.01 ticks)
Probing fixed 4 vars, tightened 0 bounds.
Probing time = 0.00 sec. (0.33 ticks)
Cover probing fixed 0 vars, tightened 3 bounds.
Tried aggregator 2 times.
MIP Presolve eliminated 9 rows and 7 columns.
MIP Presolve modified 86 coefficients.
Aggregator did 1 substitutions.
Reduced MIP has 809 rows, 481 columns, and 2291 nonzeros.
Reduced MIP has 215 binaries, 266 generals, 0 SOSs, and 0 indicators.
Presolve time = 0.01 sec. (2.08 ticks)
Probing time = 0.00 sec. (0.30 ticks)
Clique table members: 55.
MIP emphasis: balance optimality and feasibility.
MIP search method: dynamic search.
Parallel mode: deterministic, using up to 2 threads.
Root relaxation solution time = 0.01 sec. (4.01 ticks)

        Nodes                                         Cuts/
   Node  Left     Objective  IInf  Best Integer    Best Bound    ItCnt     Gap

      0     0   607123.1630   239                 607123.1630      256         
      0     0   607344.0560   149                    Cuts: 76      313         
      0     0   607383.1355   183                    Cuts: 35      363         
      0     0   607383.6184   175                    Cuts: 10      376         
      0     0   607383.6194   174                 ZeroHalf: 4      382         
      0     0   607387.5752   176                     Cuts: 5      388         
*     0+    0                       608215.0000   607387.5752             0.14%
      0     2   607390.6086   171   608215.0000   607387.5752      394    0.14%
Elapsed time = 0.45 sec. (99.48 ticks, tree = 0.01 MB, solutions = 1)
*    10+    1                       608210.0000   607390.6086             0.13%
*    83    76      integral     0   608038.0000   607581.1361      751    0.08%
*   279+  170                       607881.0000   607587.4074             0.05%
*   921+  432                       607763.0000   607692.9271             0.01%
*   921+  288                       607753.0000   607700.4751             0.01%

Implied bound cuts applied:  11
Flow cuts applied:  18
Mixed integer rounding cuts applied:  62
Zero-half cuts applied:  3
Lift and project cuts applied:  5
Gomory fractional cuts applied:  23

Root node processing (before b&c):
  Real time             =    0.45 sec. (99.13 ticks)
Parallel b&c, 2 threads:
  Real time             =    2.70 sec. (618.50 ticks)
  Sync time (average)   =    0.06 sec.
  Wait time (average)   =    0.00 sec.
                          ------------
Total (root+branch&cut) =    3.15 sec. (717.63 ticks)

Solution pool: 7 solutions saved.

MIP - Integer optimal, tolerance (0.0001/1e-06):  Objective =  6.0775300000e+05
Current MIP best bound =  6.0770047506e+05 (gap = 52.5249, 0.01%)
Solution time =    3.15 sec.  Iterations = 4650  Nodes = 921 (289)
Deterministic time = 717.63 ticks  (227.57 ticks/sec)


Log started (V12.8.0.0) Tue Aug 23 13:03:27 2022

Warning, line 4: Characters after RHS value are ignored.
Warning, line 1348: '+' not valid identifier.
Warning, line 1348: '+' not valid identifier.
Warning, line 1348: '+' not valid identifier.
Warning, line 1348: '+' not valid identifier.
Warning, line 1348: '+' not valid identifier.
Warning, line 1348: '+' not valid identifier.
Warning, line 1348: '+' not valid identifier.
Warning, line 1348: '+' not valid identifier.
Warning, line 1348: '+' not valid identifier.
Warning, line 1348: '+' not valid identifier.
Warning, line 1348: '+' not valid identifier.
Warning, line 1348: '+' not valid identifier.
Warning, line 1348: '+' not valid identifier.
Warning, line 1348: '+' not valid identifier.
Warning, line 1348: '+' not valid identifier.
Warning, line 1348: '+' not valid identifier.
Warning, line 1348: '+' not valid identifier.
Warning, line 1348: '+' not valid identifier.
Warning, line 1348: '+' not valid identifier.
Warning, line 1348: '+' not valid identifier.
Warning: 'End' missing.
531 name warnings not printed.

Problem '/home/csrmab/astran/Astran/ILPmodel.lp' read.
Read time = 0.01 sec. (0.12 ticks)
Tried aggregator 4 times.
MIP Presolve eliminated 396 rows and 114 columns.
MIP Presolve modified 185 coefficients.
Aggregator did 128 substitutions.
Reduced MIP has 819 rows, 489 columns, and 2319 nonzeros.
Reduced MIP has 223 binaries, 266 generals, 0 SOSs, and 0 indicators.
Presolve time = 0.01 sec. (4.01 ticks)
Probing fixed 4 vars, tightened 0 bounds.
Probing time = 0.00 sec. (0.33 ticks)
Cover probing fixed 0 vars, tightened 3 bounds.
Tried aggregator 2 times.
MIP Presolve eliminated 9 rows and 7 columns.
MIP Presolve modified 86 coefficients.
Aggregator did 1 substitutions.
Reduced MIP has 809 rows, 481 columns, and 2291 nonzeros.
Reduced MIP has 215 binaries, 266 generals, 0 SOSs, and 0 indicators.
Presolve time = 0.01 sec. (2.08 ticks)
Probing time = 0.00 sec. (0.30 ticks)
Clique table members: 55.
MIP emphasis: balance optimality and feasibility.
MIP search method: dynamic search.
Parallel mode: deterministic, using up to 2 threads.
Root relaxation solution time = 0.01 sec. (4.01 ticks)

        Nodes                                         Cuts/
   Node  Left     Objective  IInf  Best Integer    Best Bound    ItCnt     Gap

      0     0   607123.1630   239                 607123.1630      256         
      0     0   607344.0560   149                    Cuts: 76      313         
      0     0   607383.1355   183                    Cuts: 35      363         
      0     0   607383.6184   175                    Cuts: 10      376         
      0     0   607383.6194   174                 ZeroHalf: 4      382         
      0     0   607387.5752   176                     Cuts: 5      388         
*     0+    0                       608215.0000   607387.5752             0.14%
      0     2   607390.6086   171   608215.0000   607387.5752      394    0.14%
Elapsed time = 0.36 sec. (99.48 ticks, tree = 0.01 MB, solutions = 1)
*    10+    1                       608210.0000   607390.6086             0.13%
*    83    76      integral     0   608038.0000   607581.1361      751    0.08%
*   279+  170                       607881.0000   607587.4074             0.05%
*   921+  432                       607763.0000   607692.9271             0.01%
*   921+  288                       607753.0000   607700.4751             0.01%

Implied bound cuts applied:  11
Flow cuts applied:  18
Mixed integer rounding cuts applied:  62
Zero-half cuts applied:  3
Lift and project cuts applied:  5
Gomory fractional cuts applied:  23

Root node processing (before b&c):
  Real time             =    0.36 sec. (99.13 ticks)
Parallel b&c, 2 threads:
  Real time             =    2.19 sec. (618.50 ticks)
  Sync time (average)   =    0.05 sec.
  Wait time (average)   =    0.00 sec.
                          ------------
Total (root+branch&cut) =    2.54 sec. (717.63 ticks)

Solution pool: 7 solutions saved.

MIP - Integer optimal, tolerance (0.0001/1e-06):  Objective =  6.0775300000e+05
Current MIP best bound =  6.0770047506e+05 (gap = 52.5249, 0.01%)
Solution time =    2.55 sec.  Iterations = 4650  Nodes = 921 (289)
Deterministic time = 717.63 ticks  (281.79 ticks/sec)


Log started (V12.8.0.0) Tue Aug 23 13:11:38 2022

Warning, line 4: Characters after RHS value are ignored.
Warning, line 1348: '+' not valid identifier.
Warning, line 1348: '+' not valid identifier.
Warning, line 1348: '+' not valid identifier.
Warning, line 1348: '+' not valid identifier.
Warning, line 1348: '+' not valid identifier.
Warning, line 1348: '+' not valid identifier.
Warning, line 1348: '+' not valid identifier.
Warning, line 1348: '+' not valid identifier.
Warning, line 1348: '+' not valid identifier.
Warning, line 1348: '+' not valid identifier.
Warning, line 1348: '+' not valid identifier.
Warning, line 1348: '+' not valid identifier.
Warning, line 1348: '+' not valid identifier.
Warning, line 1348: '+' not valid identifier.
Warning, line 1348: '+' not valid identifier.
Warning, line 1348: '+' not valid identifier.
Warning, line 1348: '+' not valid identifier.
Warning, line 1348: '+' not valid identifier.
Warning, line 1348: '+' not valid identifier.
Warning, line 1348: '+' not valid identifier.
Warning: 'End' missing.
531 name warnings not printed.

Problem '/home/csrmab/astran/Astran/ILPmodel.lp' read.
Read time = 0.01 sec. (0.12 ticks)
Tried aggregator 4 times.
MIP Presolve eliminated 396 rows and 114 columns.
MIP Presolve modified 185 coefficients.
Aggregator did 128 substitutions.
Reduced MIP has 819 rows, 489 columns, and 2319 nonzeros.
Reduced MIP has 223 binaries, 266 generals, 0 SOSs, and 0 indicators.
Presolve time = 0.02 sec. (4.01 ticks)
Probing fixed 4 vars, tightened 0 bounds.
Probing time = 0.00 sec. (0.33 ticks)
Cover probing fixed 0 vars, tightened 3 bounds.
Tried aggregator 2 times.
MIP Presolve eliminated 9 rows and 7 columns.
MIP Presolve modified 86 coefficients.
Aggregator did 1 substitutions.
Reduced MIP has 809 rows, 481 columns, and 2291 nonzeros.
Reduced MIP has 215 binaries, 266 generals, 0 SOSs, and 0 indicators.
Presolve time = 0.01 sec. (2.08 ticks)
Probing time = 0.00 sec. (0.30 ticks)
Clique table members: 55.
MIP emphasis: balance optimality and feasibility.
MIP search method: dynamic search.
Parallel mode: deterministic, using up to 2 threads.
Root relaxation solution time = 0.01 sec. (4.01 ticks)

        Nodes                                         Cuts/
   Node  Left     Objective  IInf  Best Integer    Best Bound    ItCnt     Gap

      0     0   607123.1630   239                 607123.1630      256         
      0     0   607344.0560   149                    Cuts: 76      313         
      0     0   607383.1355   183                    Cuts: 35      363         
      0     0   607383.6184   175                    Cuts: 10      376         
      0     0   607383.6194   174                 ZeroHalf: 4      382         
      0     0   607387.5752   176                     Cuts: 5      388         
*     0+    0                       608215.0000   607387.5752             0.14%
      0     2   607390.6086   171   608215.0000   607387.5752      394    0.14%
Elapsed time = 0.46 sec. (99.48 ticks, tree = 0.01 MB, solutions = 1)
*    10+    1                       608210.0000   607390.6086             0.13%
*    83    76      integral     0   608038.0000   607581.1361      751    0.08%
*   279+  170                       607881.0000   607587.4074             0.05%
*   921+  432                       607763.0000   607692.9271             0.01%
*   921+  288                       607753.0000   607700.4751             0.01%

Implied bound cuts applied:  11
Flow cuts applied:  18
Mixed integer rounding cuts applied:  62
Zero-half cuts applied:  3
Lift and project cuts applied:  5
Gomory fractional cuts applied:  23

Root node processing (before b&c):
  Real time             =    0.46 sec. (99.13 ticks)
Parallel b&c, 2 threads:
  Real time             =    2.47 sec. (618.50 ticks)
  Sync time (average)   =    0.03 sec.
  Wait time (average)   =    0.00 sec.
                          ------------
Total (root+branch&cut) =    2.93 sec. (717.63 ticks)

Solution pool: 7 solutions saved.

MIP - Integer optimal, tolerance (0.0001/1e-06):  Objective =  6.0775300000e+05
Current MIP best bound =  6.0770047506e+05 (gap = 52.5249, 0.01%)
Solution time =    2.93 sec.  Iterations = 4650  Nodes = 921 (289)
Deterministic time = 717.63 ticks  (244.59 ticks/sec)


Log started (V12.8.0.0) Tue Aug 23 13:13:35 2022

Warning, line 4: Characters after RHS value are ignored.
Warning, line 1348: '+' not valid identifier.
Warning, line 1348: '+' not valid identifier.
Warning, line 1348: '+' not valid identifier.
Warning, line 1348: '+' not valid identifier.
Warning, line 1348: '+' not valid identifier.
Warning, line 1348: '+' not valid identifier.
Warning, line 1348: '+' not valid identifier.
Warning, line 1348: '+' not valid identifier.
Warning, line 1348: '+' not valid identifier.
Warning, line 1348: '+' not valid identifier.
Warning, line 1348: '+' not valid identifier.
Warning, line 1348: '+' not valid identifier.
Warning, line 1348: '+' not valid identifier.
Warning, line 1348: '+' not valid identifier.
Warning, line 1348: '+' not valid identifier.
Warning, line 1348: '+' not valid identifier.
Warning, line 1348: '+' not valid identifier.
Warning, line 1348: '+' not valid identifier.
Warning, line 1348: '+' not valid identifier.
Warning, line 1348: '+' not valid identifier.
Warning: 'End' missing.
531 name warnings not printed.

Problem '/home/csrmab/astran/Astran/ILPmodel.lp' read.
Read time = 0.01 sec. (0.12 ticks)
Tried aggregator 4 times.
MIP Presolve eliminated 396 rows and 114 columns.
MIP Presolve modified 185 coefficients.
Aggregator did 128 substitutions.
Reduced MIP has 819 rows, 489 columns, and 2319 nonzeros.
Reduced MIP has 223 binaries, 266 generals, 0 SOSs, and 0 indicators.
Presolve time = 0.02 sec. (4.01 ticks)
Probing fixed 4 vars, tightened 0 bounds.
Probing time = 0.00 sec. (0.33 ticks)
Cover probing fixed 0 vars, tightened 3 bounds.
Tried aggregator 2 times.
MIP Presolve eliminated 9 rows and 7 columns.
MIP Presolve modified 86 coefficients.
Aggregator did 1 substitutions.
Reduced MIP has 809 rows, 481 columns, and 2291 nonzeros.
Reduced MIP has 215 binaries, 266 generals, 0 SOSs, and 0 indicators.
Presolve time = 0.01 sec. (2.08 ticks)
Probing time = 0.00 sec. (0.30 ticks)
Clique table members: 55.
MIP emphasis: balance optimality and feasibility.
MIP search method: dynamic search.
Parallel mode: deterministic, using up to 2 threads.
Root relaxation solution time = 0.01 sec. (4.01 ticks)

        Nodes                                         Cuts/
   Node  Left     Objective  IInf  Best Integer    Best Bound    ItCnt     Gap

      0     0   607123.1630   239                 607123.1630      256         
      0     0   607344.0560   149                    Cuts: 76      313         
      0     0   607383.1355   183                    Cuts: 35      363         
      0     0   607383.6184   175                    Cuts: 10      376         
      0     0   607383.6194   174                 ZeroHalf: 4      382         
      0     0   607387.5752   176                     Cuts: 5      388         
*     0+    0                       608215.0000   607387.5752             0.14%
      0     2   607390.6086   171   608215.0000   607387.5752      394    0.14%
Elapsed time = 0.50 sec. (99.48 ticks, tree = 0.01 MB, solutions = 1)
*    10+    1                       608210.0000   607390.6086             0.13%
*    83    76      integral     0   608038.0000   607581.1361      751    0.08%
*   279+  170                       607881.0000   607587.4074             0.05%
*   921+  432                       607763.0000   607692.9271             0.01%
*   921+  288                       607753.0000   607700.4751             0.01%

Implied bound cuts applied:  11
Flow cuts applied:  18
Mixed integer rounding cuts applied:  62
Zero-half cuts applied:  3
Lift and project cuts applied:  5
Gomory fractional cuts applied:  23

Root node processing (before b&c):
  Real time             =    0.48 sec. (99.13 ticks)
Parallel b&c, 2 threads:
  Real time             =    2.16 sec. (618.50 ticks)
  Sync time (average)   =    0.05 sec.
  Wait time (average)   =    0.00 sec.
                          ------------
Total (root+branch&cut) =    2.64 sec. (717.63 ticks)

Solution pool: 7 solutions saved.

MIP - Integer optimal, tolerance (0.0001/1e-06):  Objective =  6.0775300000e+05
Current MIP best bound =  6.0770047506e+05 (gap = 52.5249, 0.01%)
Solution time =    2.64 sec.  Iterations = 4650  Nodes = 921 (289)
Deterministic time = 717.63 ticks  (271.73 ticks/sec)


Log started (V12.8.0.0) Tue Aug 23 15:13:22 2022

Warning, line 4: Characters after RHS value are ignored.
Warning, line 1348: '+' not valid identifier.
Warning, line 1348: '+' not valid identifier.
Warning, line 1348: '+' not valid identifier.
Warning, line 1348: '+' not valid identifier.
Warning, line 1348: '+' not valid identifier.
Warning, line 1348: '+' not valid identifier.
Warning, line 1348: '+' not valid identifier.
Warning, line 1348: '+' not valid identifier.
Warning, line 1348: '+' not valid identifier.
Warning, line 1348: '+' not valid identifier.
Warning, line 1348: '+' not valid identifier.
Warning, line 1348: '+' not valid identifier.
Warning, line 1348: '+' not valid identifier.
Warning, line 1348: '+' not valid identifier.
Warning, line 1348: '+' not valid identifier.
Warning, line 1348: '+' not valid identifier.
Warning, line 1348: '+' not valid identifier.
Warning, line 1348: '+' not valid identifier.
Warning, line 1348: '+' not valid identifier.
Warning, line 1348: '+' not valid identifier.
Warning: 'End' missing.
531 name warnings not printed.

Problem '/home/csrmab/astran/Astran/ILPmodel.lp' read.
Read time = 0.01 sec. (0.12 ticks)
Tried aggregator 4 times.
MIP Presolve eliminated 396 rows and 114 columns.
MIP Presolve modified 185 coefficients.
Aggregator did 128 substitutions.
Reduced MIP has 819 rows, 489 columns, and 2319 nonzeros.
Reduced MIP has 223 binaries, 266 generals, 0 SOSs, and 0 indicators.
Presolve time = 0.02 sec. (4.01 ticks)
Probing fixed 4 vars, tightened 0 bounds.
Probing time = 0.00 sec. (0.33 ticks)
Cover probing fixed 0 vars, tightened 3 bounds.
Tried aggregator 2 times.
MIP Presolve eliminated 9 rows and 7 columns.
MIP Presolve modified 86 coefficients.
Aggregator did 1 substitutions.
Reduced MIP has 809 rows, 481 columns, and 2291 nonzeros.
Reduced MIP has 215 binaries, 266 generals, 0 SOSs, and 0 indicators.
Presolve time = 0.01 sec. (2.08 ticks)
Probing time = 0.00 sec. (0.30 ticks)
Clique table members: 55.
MIP emphasis: balance optimality and feasibility.
MIP search method: dynamic search.
Parallel mode: deterministic, using up to 2 threads.
Root relaxation solution time = 0.01 sec. (4.01 ticks)

        Nodes                                         Cuts/
   Node  Left     Objective  IInf  Best Integer    Best Bound    ItCnt     Gap

      0     0   607123.1630   239                 607123.1630      256         
      0     0   607344.0560   149                    Cuts: 76      313         
      0     0   607383.1355   183                    Cuts: 35      363         
      0     0   607383.6184   175                    Cuts: 10      376         
      0     0   607383.6194   174                 ZeroHalf: 4      382         
      0     0   607387.5752   176                     Cuts: 5      388         
*     0+    0                       608215.0000   607387.5752             0.14%
      0     2   607390.6086   171   608215.0000   607387.5752      394    0.14%
Elapsed time = 0.55 sec. (99.48 ticks, tree = 0.01 MB, solutions = 1)
*    10+    1                       608210.0000   607390.6086             0.13%
*    83    76      integral     0   608038.0000   607581.1361      751    0.08%
*   279+  170                       607881.0000   607587.4074             0.05%
*   921+  432                       607763.0000   607692.9271             0.01%
*   921+  288                       607753.0000   607700.4751             0.01%

Implied bound cuts applied:  11
Flow cuts applied:  18
Mixed integer rounding cuts applied:  62
Zero-half cuts applied:  3
Lift and project cuts applied:  5
Gomory fractional cuts applied:  23

Root node processing (before b&c):
  Real time             =    0.54 sec. (99.13 ticks)
Parallel b&c, 2 threads:
  Real time             =    2.24 sec. (618.50 ticks)
  Sync time (average)   =    0.05 sec.
  Wait time (average)   =    0.00 sec.
                          ------------
Total (root+branch&cut) =    2.78 sec. (717.63 ticks)

Solution pool: 7 solutions saved.

MIP - Integer optimal, tolerance (0.0001/1e-06):  Objective =  6.0775300000e+05
Current MIP best bound =  6.0770047506e+05 (gap = 52.5249, 0.01%)
Solution time =    2.78 sec.  Iterations = 4650  Nodes = 921 (289)
Deterministic time = 717.63 ticks  (257.86 ticks/sec)


Incumbent solution written to file '/home/csrmab/astran/Astran/xmlsol.sol'.
